<?xml version="1.0" encoding="UTF-8"?>
<!-- Generated by org.testng.reporters.JUnitReportReporter -->
<testsuite hostname="DESKTOP-7C1FSTD" failures="0" tests="1" name="com.testng.SeleniumGridChrome" time="20.859" errors="0" timestamp="2024-05-04T21:39:57 IST" skipped="0">
  <testcase classname="com.testng.SeleniumGridChrome" name="test1" time="20.859"/>
</testsuite> <!-- com.testng.SeleniumGridChrome -->
