<?xml version="1.0" encoding="UTF-8"?>
<!-- Generated by org.testng.reporters.JUnitReportReporter -->
<testsuite hostname="DESKTOP-7C1FSTD" failures="0" tests="1" name="com.testng.TestNgAnnotation" time="0.033" errors="0" timestamp="2024-02-07T22:09:55 IST" skipped="0">
  <testcase classname="com.testng.TestNgAnnotation" name="validateTitle" time="0.033"/>
</testsuite> <!-- com.testng.TestNgAnnotation -->
