<?xml version="1.0" encoding="UTF-8"?>
<!-- Generated by org.testng.reporters.JUnitReportReporter -->
<testsuite hostname="DESKTOP-7C1FSTD" failures="0" tests="1" name="com.testng.SeleniumGridChrome1" time="19.120" errors="0" timestamp="2024-05-04T21:39:57 IST" skipped="0">
  <testcase classname="com.testng.SeleniumGridChrome1" name="test2" time="19.120"/>
</testsuite> <!-- com.testng.SeleniumGridChrome1 -->
