<?xml version="1.0" encoding="UTF-8"?>
<!-- Generated by org.testng.reporters.JUnitReportReporter -->
<testsuite hostname="DESKTOP-7C1FSTD" failures="0" tests="1" name="com.testng.SeleniumGridFirefox1" time="31.523" errors="0" timestamp="2024-05-04T21:39:57 IST" skipped="0">
  <testcase classname="com.testng.SeleniumGridFirefox1" name="test3" time="31.523"/>
</testsuite> <!-- com.testng.SeleniumGridFirefox1 -->
